  [1m[36m (1.6ms)[0m  [1mCREATE TABLE "schema_migrations" ("version" varchar NOT NULL) [0m
  [1m[35m (0.1ms)[0m  select sqlite_version(*)
  [1m[36m (0.9ms)[0m  [1mCREATE UNIQUE INDEX "unique_schema_migrations" ON "schema_migrations" ("version")[0m
  [1m[35mActiveRecord::SchemaMigration Load (0.1ms)[0m  SELECT "schema_migrations".* FROM "schema_migrations"
Migrating to CreateEmployees (20160208162137)
  [1m[36m (0.1ms)[0m  [1mbegin transaction[0m
  [1m[35m (0.4ms)[0m  CREATE TABLE "employees" ("id" INTEGER PRIMARY KEY AUTOINCREMENT NOT NULL, "first_name" varchar, "last_name" varchar, "email" varchar, "created_at" datetime NOT NULL, "updated_at" datetime NOT NULL) 
  [1m[36mSQL (0.2ms)[0m  [1mINSERT INTO "schema_migrations" ("version") VALUES (?)[0m  [["version", "20160208162137"]]
  [1m[35m (0.9ms)[0m  commit transaction
Migrating to CreateTeams (20160208162407)
  [1m[36m (0.1ms)[0m  [1mbegin transaction[0m
  [1m[35m (0.3ms)[0m  CREATE TABLE "teams" ("id" INTEGER PRIMARY KEY AUTOINCREMENT NOT NULL, "name" varchar, "owner_id" integer, "created_at" datetime NOT NULL, "updated_at" datetime NOT NULL) 
  [1m[36mSQL (0.1ms)[0m  [1mINSERT INTO "schema_migrations" ("version") VALUES (?)[0m  [["version", "20160208162407"]]
  [1m[35m (0.9ms)[0m  commit transaction
Migrating to CreateProgressReports (20160208162507)
  [1m[36m (0.0ms)[0m  [1mbegin transaction[0m
  [1m[35m (0.3ms)[0m  CREATE TABLE "progress_reports" ("id" INTEGER PRIMARY KEY AUTOINCREMENT NOT NULL, "body" text, "team_id" integer, "author_id" integer, "created_at" datetime NOT NULL, "updated_at" datetime NOT NULL) 
  [1m[36mSQL (0.1ms)[0m  [1mINSERT INTO "schema_migrations" ("version") VALUES (?)[0m  [["version", "20160208162507"]]
  [1m[35m (0.9ms)[0m  commit transaction
Migrating to TeamMembers (20160208163514)
  [1m[36m (0.3ms)[0m  [1mbegin transaction[0m
  [1m[35m (0.3ms)[0m  CREATE TABLE "progress_reports" ("team_id" integer, "employee_id" integer) 
  [1m[36m (0.0ms)[0m  [1mrollback transaction[0m
  [1m[36mActiveRecord::SchemaMigration Load (0.1ms)[0m  [1mSELECT "schema_migrations".* FROM "schema_migrations"[0m
Migrating to TeamMembers (20160208163514)
  [1m[35m (0.1ms)[0m  begin transaction
  [1m[36m (0.5ms)[0m  [1mCREATE TABLE "team_members" ("team_id" integer, "employee_id" integer) [0m
  [1m[35mSQL (0.2ms)[0m  INSERT INTO "schema_migrations" ("version") VALUES (?)  [["version", "20160208163514"]]
  [1m[36m (1.3ms)[0m  [1mcommit transaction[0m
  [1m[35mActiveRecord::SchemaMigration Load (0.1ms)[0m  SELECT "schema_migrations".* FROM "schema_migrations"
  [1m[36mActiveRecord::SchemaMigration Load (0.5ms)[0m  [1mSELECT "schema_migrations".* FROM "schema_migrations"[0m
  [1m[35m (0.1ms)[0m  begin transaction
  [1m[36mSQL (1.2ms)[0m  [1mINSERT INTO "employees" ("first_name", "last_name", "email", "created_at", "updated_at") VALUES (?, ?, ?, ?, ?)[0m  [["first_name", "Brielle"], ["last_name", "Feil"], ["email", "eda@hickle.name"], ["created_at", "2016-02-08 16:56:23.114698"], ["updated_at", "2016-02-08 16:56:23.114698"]]
  [1m[35m (0.9ms)[0m  commit transaction
  [1m[36m (0.0ms)[0m  [1mbegin transaction[0m
  [1m[35mSQL (0.2ms)[0m  INSERT INTO "employees" ("first_name", "last_name", "email", "created_at", "updated_at") VALUES (?, ?, ?, ?, ?)  [["first_name", "Mckenzie"], ["last_name", "Wehner"], ["email", "chauncey.fritsch@adamsvon.org"], ["created_at", "2016-02-08 16:56:23.121323"], ["updated_at", "2016-02-08 16:56:23.121323"]]
  [1m[36m (0.9ms)[0m  [1mcommit transaction[0m
  [1m[35m (0.0ms)[0m  begin transaction
  [1m[36mSQL (0.2ms)[0m  [1mINSERT INTO "employees" ("first_name", "last_name", "email", "created_at", "updated_at") VALUES (?, ?, ?, ?, ?)[0m  [["first_name", "Rickie"], ["last_name", "Gaylord"], ["email", "clinton_schamberger@schinner.info"], ["created_at", "2016-02-08 16:56:23.124162"], ["updated_at", "2016-02-08 16:56:23.124162"]]
  [1m[35m (0.9ms)[0m  commit transaction
  [1m[36m (0.0ms)[0m  [1mbegin transaction[0m
  [1m[35mSQL (0.3ms)[0m  INSERT INTO "employees" ("first_name", "last_name", "email", "created_at", "updated_at") VALUES (?, ?, ?, ?, ?)  [["first_name", "Anthony"], ["last_name", "Nitzsche"], ["email", "bryon.hilll@little.org"], ["created_at", "2016-02-08 16:56:23.126731"], ["updated_at", "2016-02-08 16:56:23.126731"]]
  [1m[36m (0.8ms)[0m  [1mcommit transaction[0m
  [1m[35m (0.1ms)[0m  begin transaction
  [1m[36mSQL (0.3ms)[0m  [1mINSERT INTO "employees" ("first_name", "last_name", "email", "created_at", "updated_at") VALUES (?, ?, ?, ?, ?)[0m  [["first_name", "Reuben"], ["last_name", "Dickens"], ["email", "floie@friesen.io"], ["created_at", "2016-02-08 16:56:23.129499"], ["updated_at", "2016-02-08 16:56:23.129499"]]
  [1m[35m (0.8ms)[0m  commit transaction
  [1m[36m (0.0ms)[0m  [1mbegin transaction[0m
  [1m[35mSQL (0.8ms)[0m  INSERT INTO "teams" ("name", "created_at", "updated_at") VALUES (?, ?, ?)  [["name", "Brant Harris"], ["created_at", "2016-02-08 16:56:23.141592"], ["updated_at", "2016-02-08 16:56:23.141592"]]
  [1m[36m (0.9ms)[0m  [1mcommit transaction[0m
  [1m[35m (0.0ms)[0m  begin transaction
  [1m[36mSQL (0.2ms)[0m  [1mINSERT INTO "teams" ("name", "created_at", "updated_at") VALUES (?, ?, ?)[0m  [["name", "Gonzalo Reinger"], ["created_at", "2016-02-08 16:56:23.144916"], ["updated_at", "2016-02-08 16:56:23.144916"]]
  [1m[35m (0.8ms)[0m  commit transaction
  [1m[36mActiveRecord::SchemaMigration Load (0.6ms)[0m  [1mSELECT "schema_migrations".* FROM "schema_migrations"[0m
  [1m[35m (0.1ms)[0m  begin transaction
  [1m[36mSQL (2.3ms)[0m  [1mINSERT INTO "employees" ("first_name", "last_name", "email", "created_at", "updated_at") VALUES (?, ?, ?, ?, ?)[0m  [["first_name", "Jonathan"], ["last_name", "Jacobs"], ["email", "magdalen_johns@hahn.org"], ["created_at", "2016-02-08 16:56:55.366803"], ["updated_at", "2016-02-08 16:56:55.366803"]]
  [1m[35m (1.0ms)[0m  commit transaction
  [1m[36m (0.0ms)[0m  [1mbegin transaction[0m
  [1m[35mSQL (0.2ms)[0m  INSERT INTO "employees" ("first_name", "last_name", "email", "created_at", "updated_at") VALUES (?, ?, ?, ?, ?)  [["first_name", "Ole"], ["last_name", "Shanahan"], ["email", "bryon@weinat.co"], ["created_at", "2016-02-08 16:56:55.376878"], ["updated_at", "2016-02-08 16:56:55.376878"]]
  [1m[36m (0.8ms)[0m  [1mcommit transaction[0m
  [1m[35m (0.0ms)[0m  begin transaction
  [1m[36mSQL (0.2ms)[0m  [1mINSERT INTO "employees" ("first_name", "last_name", "email", "created_at", "updated_at") VALUES (?, ?, ?, ?, ?)[0m  [["first_name", "Jaylin"], ["last_name", "Bednar"], ["email", "jeanette@hintzprice.org"], ["created_at", "2016-02-08 16:56:55.379457"], ["updated_at", "2016-02-08 16:56:55.379457"]]
  [1m[35m (0.8ms)[0m  commit transaction
  [1m[36m (0.0ms)[0m  [1mbegin transaction[0m
  [1m[35mSQL (0.2ms)[0m  INSERT INTO "employees" ("first_name", "last_name", "email", "created_at", "updated_at") VALUES (?, ?, ?, ?, ?)  [["first_name", "Cora"], ["last_name", "Fisher"], ["email", "harold.monahan@spinka.com"], ["created_at", "2016-02-08 16:56:55.381793"], ["updated_at", "2016-02-08 16:56:55.381793"]]
  [1m[36m (0.8ms)[0m  [1mcommit transaction[0m
  [1m[35m (0.0ms)[0m  begin transaction
  [1m[36mSQL (0.2ms)[0m  [1mINSERT INTO "employees" ("first_name", "last_name", "email", "created_at", "updated_at") VALUES (?, ?, ?, ?, ?)[0m  [["first_name", "Christelle"], ["last_name", "Ferry"], ["email", "ila@ziemann.biz"], ["created_at", "2016-02-08 16:56:55.384198"], ["updated_at", "2016-02-08 16:56:55.384198"]]
  [1m[35m (0.9ms)[0m  commit transaction
  [1m[36m (0.1ms)[0m  [1mbegin transaction[0m
  [1m[35mSQL (0.8ms)[0m  INSERT INTO "teams" ("name", "created_at", "updated_at") VALUES (?, ?, ?)  [["name", "Lucinda Macejkovic"], ["created_at", "2016-02-08 16:56:55.397398"], ["updated_at", "2016-02-08 16:56:55.397398"]]
  [1m[36m (0.9ms)[0m  [1mcommit transaction[0m
  [1m[35m (0.0ms)[0m  begin transaction
  [1m[36mSQL (0.2ms)[0m  [1mINSERT INTO "teams" ("name", "created_at", "updated_at") VALUES (?, ?, ?)[0m  [["name", "Floy Reichert"], ["created_at", "2016-02-08 16:56:55.400748"], ["updated_at", "2016-02-08 16:56:55.400748"]]
  [1m[35m (0.8ms)[0m  commit transaction
  [1m[36m (0.1ms)[0m  [1mbegin transaction[0m
  [1m[35mSQL (0.8ms)[0m  INSERT INTO "progress_reports" ("body", "created_at", "updated_at") VALUES (?, ?, ?)  [["body", "Goth photo booth ethical. Bicycle rights gentrify heirloom distillery godard. Street hoodie beard artisan portland."], ["created_at", "2016-02-08 16:56:55.409199"], ["updated_at", "2016-02-08 16:56:55.409199"]]
  [1m[36m (0.8ms)[0m  [1mcommit transaction[0m
  [1m[36mActiveRecord::SchemaMigration Load (0.1ms)[0m  [1mSELECT "schema_migrations".* FROM "schema_migrations"[0m
  [1m[35mActiveRecord::SchemaMigration Load (0.1ms)[0m  SELECT "schema_migrations".* FROM "schema_migrations"
  [1m[36mActiveRecord::SchemaMigration Load (0.1ms)[0m  [1mSELECT "schema_migrations".* FROM "schema_migrations"[0m
Migrating to CreateProgressReports (20160208162507)
  [1m[35m (0.1ms)[0m  begin transaction
  [1m[36m (0.5ms)[0m  [1mDROP TABLE "progress_reports"[0m
  [1m[35mSQL (0.2ms)[0m  DELETE FROM "schema_migrations" WHERE "schema_migrations"."version" = ?  [["version", "20160208162507"]]
  [1m[36m (0.9ms)[0m  [1mcommit transaction[0m
Migrating to CreateTeams (20160208162407)
  [1m[35m (0.0ms)[0m  begin transaction
  [1m[36m (0.4ms)[0m  [1mDROP TABLE "teams"[0m
  [1m[35mSQL (0.2ms)[0m  DELETE FROM "schema_migrations" WHERE "schema_migrations"."version" = ?  [["version", "20160208162407"]]
  [1m[36m (0.8ms)[0m  [1mcommit transaction[0m
Migrating to CreateEmployees (20160208162137)
  [1m[35m (0.1ms)[0m  begin transaction
  [1m[36m (0.3ms)[0m  [1mDROP TABLE "employees"[0m
  [1m[35mSQL (0.1ms)[0m  DELETE FROM "schema_migrations" WHERE "schema_migrations"."version" = ?  [["version", "20160208162137"]]
  [1m[36m (0.9ms)[0m  [1mcommit transaction[0m
  [1m[35mActiveRecord::SchemaMigration Load (0.1ms)[0m  SELECT "schema_migrations".* FROM "schema_migrations"
  [1m[36mActiveRecord::SchemaMigration Load (0.2ms)[0m  [1mSELECT "schema_migrations".* FROM "schema_migrations"[0m
Migrating to CreateEmployees (20160208162137)
  [1m[35m (0.1ms)[0m  begin transaction
  [1m[36m (0.4ms)[0m  [1mCREATE TABLE "employees" ("id" INTEGER PRIMARY KEY AUTOINCREMENT NOT NULL, "first_name" varchar, "last_name" varchar, "email" varchar, "created_at" datetime NOT NULL, "updated_at" datetime NOT NULL) [0m
  [1m[35mSQL (0.2ms)[0m  INSERT INTO "schema_migrations" ("version") VALUES (?)  [["version", "20160208162137"]]
  [1m[36m (2.7ms)[0m  [1mcommit transaction[0m
Migrating to CreateTeams (20160208162407)
  [1m[35m (0.1ms)[0m  begin transaction
  [1m[36m (0.4ms)[0m  [1mCREATE TABLE "teams" ("id" INTEGER PRIMARY KEY AUTOINCREMENT NOT NULL, "name" varchar, "owner_id" integer, "created_at" datetime NOT NULL, "updated_at" datetime NOT NULL) [0m
  [1m[35mSQL (0.1ms)[0m  INSERT INTO "schema_migrations" ("version") VALUES (?)  [["version", "20160208162407"]]
  [1m[36m (0.9ms)[0m  [1mcommit transaction[0m
Migrating to CreateProgressReports (20160208162507)
  [1m[35m (0.1ms)[0m  begin transaction
  [1m[36m (0.3ms)[0m  [1mCREATE TABLE "progress_reports" ("id" INTEGER PRIMARY KEY AUTOINCREMENT NOT NULL, "body" text, "team_id" integer, "author_id" integer, "created_at" datetime NOT NULL, "updated_at" datetime NOT NULL) [0m
  [1m[35mSQL (0.1ms)[0m  INSERT INTO "schema_migrations" ("version") VALUES (?)  [["version", "20160208162507"]]
  [1m[36m (0.9ms)[0m  [1mcommit transaction[0m
Migrating to CreateTeamMembers (20160208170013)
  [1m[35m (0.1ms)[0m  begin transaction
  [1m[36m (0.5ms)[0m  [1mCREATE TABLE "team_members" ("id" INTEGER PRIMARY KEY AUTOINCREMENT NOT NULL, "team_id" integer, "employee_id" integer, "created_at" datetime NOT NULL, "updated_at" datetime NOT NULL) [0m
  [1m[35m (0.0ms)[0m  rollback transaction
  [1m[36m (1.3ms)[0m  [1mCREATE TABLE "schema_migrations" ("version" varchar NOT NULL) [0m
  [1m[35m (0.2ms)[0m  select sqlite_version(*)
  [1m[36m (1.1ms)[0m  [1mCREATE UNIQUE INDEX "unique_schema_migrations" ON "schema_migrations" ("version")[0m
  [1m[35mActiveRecord::SchemaMigration Load (0.1ms)[0m  SELECT "schema_migrations".* FROM "schema_migrations"
Migrating to CreateEmployees (20160208162137)
  [1m[36m (0.1ms)[0m  [1mbegin transaction[0m
  [1m[35m (0.4ms)[0m  CREATE TABLE "employees" ("id" INTEGER PRIMARY KEY AUTOINCREMENT NOT NULL, "first_name" varchar, "last_name" varchar, "email" varchar, "created_at" datetime NOT NULL, "updated_at" datetime NOT NULL) 
  [1m[36mSQL (0.2ms)[0m  [1mINSERT INTO "schema_migrations" ("version") VALUES (?)[0m  [["version", "20160208162137"]]
  [1m[35m (1.0ms)[0m  commit transaction
Migrating to CreateTeams (20160208162407)
  [1m[36m (0.1ms)[0m  [1mbegin transaction[0m
  [1m[35m (0.3ms)[0m  CREATE TABLE "teams" ("id" INTEGER PRIMARY KEY AUTOINCREMENT NOT NULL, "name" varchar, "owner_id" integer, "created_at" datetime NOT NULL, "updated_at" datetime NOT NULL) 
  [1m[36mSQL (0.1ms)[0m  [1mINSERT INTO "schema_migrations" ("version") VALUES (?)[0m  [["version", "20160208162407"]]
  [1m[35m (1.0ms)[0m  commit transaction
Migrating to CreateProgressReports (20160208162507)
  [1m[36m (0.1ms)[0m  [1mbegin transaction[0m
  [1m[35m (0.3ms)[0m  CREATE TABLE "progress_reports" ("id" INTEGER PRIMARY KEY AUTOINCREMENT NOT NULL, "body" text, "team_id" integer, "author_id" integer, "created_at" datetime NOT NULL, "updated_at" datetime NOT NULL) 
  [1m[36mSQL (0.1ms)[0m  [1mINSERT INTO "schema_migrations" ("version") VALUES (?)[0m  [["version", "20160208162507"]]
  [1m[35m (0.8ms)[0m  commit transaction
Migrating to CreateTeamMembers (20160208170013)
  [1m[36m (0.1ms)[0m  [1mbegin transaction[0m
  [1m[35m (0.3ms)[0m  CREATE TABLE "team_members" ("id" INTEGER PRIMARY KEY AUTOINCREMENT NOT NULL, "team_id" integer, "employee_id" integer, "created_at" datetime NOT NULL, "updated_at" datetime NOT NULL) 
  [1m[36mSQL (0.1ms)[0m  [1mINSERT INTO "schema_migrations" ("version") VALUES (?)[0m  [["version", "20160208170013"]]
  [1m[35m (0.9ms)[0m  commit transaction
  [1m[36mActiveRecord::SchemaMigration Load (0.1ms)[0m  [1mSELECT "schema_migrations".* FROM "schema_migrations"[0m
  [1m[36mActiveRecord::SchemaMigration Load (0.4ms)[0m  [1mSELECT "schema_migrations".* FROM "schema_migrations"[0m
  [1m[35m (0.1ms)[0m  begin transaction
  [1m[36mSQL (1.2ms)[0m  [1mINSERT INTO "employees" ("first_name", "last_name", "email", "created_at", "updated_at") VALUES (?, ?, ?, ?, ?)[0m  [["first_name", "Demetrius"], ["last_name", "Koepp"], ["email", "edward@fadel.name"], ["created_at", "2016-02-08 17:04:43.419819"], ["updated_at", "2016-02-08 17:04:43.419819"]]
  [1m[35m (0.8ms)[0m  commit transaction
  [1m[36m (0.0ms)[0m  [1mbegin transaction[0m
  [1m[35mSQL (0.2ms)[0m  INSERT INTO "employees" ("first_name", "last_name", "email", "created_at", "updated_at") VALUES (?, ?, ?, ?, ?)  [["first_name", "Nash"], ["last_name", "Reinger"], ["email", "aubree@klein.biz"], ["created_at", "2016-02-08 17:04:43.426309"], ["updated_at", "2016-02-08 17:04:43.426309"]]
  [1m[36m (0.7ms)[0m  [1mcommit transaction[0m
  [1m[35m (0.0ms)[0m  begin transaction
  [1m[36mSQL (0.2ms)[0m  [1mINSERT INTO "employees" ("first_name", "last_name", "email", "created_at", "updated_at") VALUES (?, ?, ?, ?, ?)[0m  [["first_name", "Domenica"], ["last_name", "Tromp"], ["email", "jacky.stracke@murphykoelpin.info"], ["created_at", "2016-02-08 17:04:43.428763"], ["updated_at", "2016-02-08 17:04:43.428763"]]
  [1m[35m (0.8ms)[0m  commit transaction
  [1m[36m (0.0ms)[0m  [1mbegin transaction[0m
  [1m[35mSQL (0.2ms)[0m  INSERT INTO "employees" ("first_name", "last_name", "email", "created_at", "updated_at") VALUES (?, ?, ?, ?, ?)  [["first_name", "Brennon"], ["last_name", "D'Amore"], ["email", "angeline@ruecker.info"], ["created_at", "2016-02-08 17:04:43.431136"], ["updated_at", "2016-02-08 17:04:43.431136"]]
  [1m[36m (0.8ms)[0m  [1mcommit transaction[0m
  [1m[35m (0.1ms)[0m  begin transaction
  [1m[36mSQL (0.2ms)[0m  [1mINSERT INTO "employees" ("first_name", "last_name", "email", "created_at", "updated_at") VALUES (?, ?, ?, ?, ?)[0m  [["first_name", "Leland"], ["last_name", "Cruickshank"], ["email", "coby.rowe@lynch.co"], ["created_at", "2016-02-08 17:04:43.434068"], ["updated_at", "2016-02-08 17:04:43.434068"]]
  [1m[35m (0.8ms)[0m  commit transaction
  [1m[36m (0.1ms)[0m  [1mbegin transaction[0m
  [1m[35mSQL (0.8ms)[0m  INSERT INTO "teams" ("name", "created_at", "updated_at") VALUES (?, ?, ?)  [["name", "Bradford Toy"], ["created_at", "2016-02-08 17:04:43.451732"], ["updated_at", "2016-02-08 17:04:43.451732"]]
  [1m[36m (0.8ms)[0m  [1mcommit transaction[0m
  [1m[35m (0.1ms)[0m  begin transaction
  [1m[36mSQL (0.2ms)[0m  [1mINSERT INTO "teams" ("name", "created_at", "updated_at") VALUES (?, ?, ?)[0m  [["name", "Brooke Abbott"], ["created_at", "2016-02-08 17:04:43.454978"], ["updated_at", "2016-02-08 17:04:43.454978"]]
  [1m[35m (0.7ms)[0m  commit transaction
  [1m[36m (0.1ms)[0m  [1mbegin transaction[0m
  [1m[35mSQL (0.7ms)[0m  INSERT INTO "progress_reports" ("body", "created_at", "updated_at") VALUES (?, ?, ?)  [["body", "Lumbersexual brunch tilde. Pug gluten-free beard yuccie biodiesel thundercats. Tousled food truck swag polaroid cardigan disrupt craft beer."], ["created_at", "2016-02-08 17:04:43.463635"], ["updated_at", "2016-02-08 17:04:43.463635"]]
  [1m[36m (0.8ms)[0m  [1mcommit transaction[0m
